{
  "RSpec": {
    "coverage": {
      "/Users/lou/Projects/Makers-Work/Week10/Gilded-Rose/spec/gilded_rose_spec.rb": [
        1,
        null,
        1,
        1,
        1,
        1,
        1,
        1,
        null,
        null,
        null,
        1,
        1,
        1,
        1,
        4,
        null,
        null,
        1,
        10,
        4,
        null,
        null,
        null,
        1,
        1,
        1,
        1,
        4,
        null,
        null,
        1,
        4,
        null,
        null,
        null,
        1,
        1,
        1,
        1,
        4,
        null,
        null,
        null,
        1,
        1,
        1,
        1,
        16,
        4,
        null,
        null,
        null,
        1,
        1,
        1,
        1,
        4,
        null,
        null,
        1,
        4,
        null,
        null,
        1,
        6,
        4,
        null,
        null,
        1,
        6,
        1,
        null,
        null,
        null,
        1,
        1,
        1,
        1,
        36,
        1,
        4,
        null,
        null,
        1,
        1,
        1,
        21,
        1,
        null,
        null,
        null,
        1,
        1,
        1,
        1,
        4,
        null,
        null,
        1,
        1,
        1,
        3,
        4,
        null,
        null,
        null,
        null,
        null,
        null,
        null,
        null,
        null,
        null,
        null,
        null,
        null,
        null,
        null,
        null,
        null,
        null,
        null,
        null,
        null,
        null,
        null,
        null,
        null,
        null,
        null,
        null,
        null,
        null,
        null,
        null,
        null,
        null,
        null,
        null,
        null,
        null,
        null,
        null,
        null,
        null,
        null,
        null,
        null,
        null,
        null,
        null,
        null,
        null,
        null,
        null,
        null,
        null,
        null,
        null,
        null,
        null,
        null,
        null,
        null,
        null,
        null,
        null
      ],
      "/Users/lou/Projects/Makers-Work/Week10/Gilded-Rose/lib/gilded_rose.rb": [
        1,
        1,
        10,
        null,
        null,
        1,
        104,
        104,
        null,
        87,
        87,
        null,
        39,
        2,
        12,
        4,
        21,
        null,
        null,
        null,
        null,
        1,
        2,
        1,
        null,
        1,
        null,
        null,
        null,
        1,
        12,
        1,
        11,
        4,
        7,
        6,
        null,
        1,
        null,
        null,
        null,
        1,
        29,
        26,
        null,
        3,
        null,
        null,
        null,
        1,
        12,
        null,
        null,
        null,
        1,
        1,
        null,
        1,
        10,
        10,
        10,
        null,
        null,
        1,
        0,
        null,
        null
      ]
    },
    "timestamp": 1620376029
  }
}
