{
  "RSpec": {
    "coverage": {
      "/Users/lou/Projects/Makers-Work/Week10/Gilded-Rose/spec/gilded_rose_spec.rb": [
        1,
        1,
        null,
        1,
        1,
        1,
        1,
        1,
        1,
        null,
        null,
        null,
        1,
        1,
        1,
        1,
        4,
        null,
        null,
        1,
        10,
        4,
        null,
        null,
        null,
        1,
        1,
        1,
        1,
        4,
        null,
        null,
        1,
        4,
        null,
        null,
        null,
        1,
        1,
        1,
        1,
        4,
        null,
        null,
        null,
        1,
        1,
        1,
        1,
        16,
        4,
        null,
        null,
        null,
        1,
        1,
        1,
        1,
        4,
        null,
        null,
        1,
        4,
        null,
        null,
        1,
        6,
        4,
        null,
        null,
        1,
        6,
        1,
        null,
        null,
        null,
        1,
        1,
        1,
        1,
        1,
        4,
        1,
        null,
        null,
        1,
        1,
        1,
        21,
        1,
        null,
        null,
        null,
        1,
        1,
        1,
        1,
        4,
        null,
        null,
        1,
        4,
        null,
        null,
        null,
        1,
        1,
        1,
        1,
        2,
        null,
        1,
        2,
        null,
        null,
        null,
        null,
        null,
        null,
        null,
        null,
        null,
        null,
        null,
        null,
        null,
        null,
        null,
        null,
        null,
        null,
        null,
        null,
        null,
        null,
        null,
        null,
        null,
        null,
        null,
        null,
        null,
        null,
        null,
        null,
        null,
        null,
        null,
        null,
        null,
        null,
        null,
        null,
        null,
        null,
        null,
        null,
        null,
        null,
        null,
        null,
        null,
        null,
        null,
        null,
        null
      ],
      "/Users/lou/Projects/Makers-Work/Week10/Gilded-Rose/lib/gilded_rose.rb": [
        1,
        null,
        1,
        null,
        1,
        10,
        10,
        null,
        null,
        1,
        72,
        104,
        null,
        79,
        79,
        71,
        6,
        19,
        6,
        40,
        null,
        null,
        72,
        null,
        null,
        1,
        6,
        3,
        null,
        3,
        null,
        null,
        null,
        1,
        19,
        18,
        5,
        13,
        5,
        8,
        7,
        null,
        1,
        null,
        18,
        null,
        null,
        1,
        71,
        null,
        null,
        1,
        52,
        39,
        36,
        null,
        3,
        null,
        null,
        null,
        1,
        18,
        null,
        null,
        1,
        2,
        4,
        4,
        4,
        36,
        null,
        4,
        null,
        null,
        null,
        null,
        1,
        1,
        null,
        1,
        18,
        18,
        18,
        null,
        null,
        1,
        36,
        null,
        null
      ],
      "/Users/lou/Projects/Makers-Work/Week10/Gilded-Rose/spec/helper_methods.rb": [
        1,
        1,
        null,
        null,
        null,
        null,
        null,
        null,
        null,
        null,
        null,
        null,
        null,
        null,
        1,
        null,
        1,
        null,
        null,
        null,
        null,
        null,
        null,
        null,
        null,
        null,
        null,
        null,
        1,
        1,
        null,
        null,
        null,
        null,
        null,
        null,
        null,
        null,
        null,
        null,
        null,
        null,
        null,
        null,
        null,
        null,
        null,
        null,
        null,
        null,
        null,
        null,
        null,
        null,
        null,
        null,
        null,
        null,
        null,
        null,
        null,
        null,
        null
      ]
    },
    "timestamp": 1620395547
  }
}
